<?xml version="1.0" encoding="UTF-8"?>
<testng-results ignored="0" total="1" passed="1" failed="0" skipped="0">
  <reporter-output>
  </reporter-output>
  <suite started-at="2026-08-22T23:34:57 IST" name="Default suite" finished-at="2026-08-22T23:35:06 IST" duration-ms="8895">
    <groups>
    </groups>
    <test started-at="2026-08-22T23:34:57 IST" name="Default test" finished-at="2026-08-22T23:35:06 IST" duration-ms="8895">
      <class name="tutorialsninja.register.TC_RF_009">
        <test-method signature="verifyRegistringAccountUsingExistingEmail()[pri:0, instance:tutorialsninja.register.TC_RF_009@5c6648b0]" started-at="2026-08-22T23:34:57 IST" name="verifyRegistringAccountUsingExistingEmail" finished-at="2026-08-22T23:35:06 IST" duration-ms="8862" status="PASS">
          <reporter-output>
          </reporter-output>
        </test-method> <!-- verifyRegistringAccountUsingExistingEmail -->
      </class> <!-- tutorialsninja.register.TC_RF_009 -->
    </test> <!-- Default test -->
  </suite> <!-- Default suite -->
</testng-results>
