<?xml version="1.0" encoding="UTF-8"?>
<testng-results ignored="0" total="1" passed="1" failed="0" skipped="0">
  <reporter-output>
  </reporter-output>
  <suite started-at="2026-08-22T11:44:12 IST" name="Default suite" finished-at="2026-08-22T11:44:58 IST" duration-ms="45163">
    <groups>
    </groups>
    <test started-at="2026-08-22T11:44:12 IST" name="Default test" finished-at="2026-08-22T11:44:58 IST" duration-ms="45163">
      <class name="tutorialsninja.register.TC_RF_004">
        <test-method signature="verifyRegisteringAccountWithoutFillFields()[pri:0, instance:tutorialsninja.register.TC_RF_004@5c6648b0]" started-at="2026-08-22T11:44:13 IST" name="verifyRegisteringAccountWithoutFillFields" finished-at="2026-08-22T11:44:58 IST" duration-ms="45120" status="PASS">
          <reporter-output>
          </reporter-output>
        </test-method> <!-- verifyRegisteringAccountWithoutFillFields -->
      </class> <!-- tutorialsninja.register.TC_RF_004 -->
    </test> <!-- Default test -->
  </suite> <!-- Default suite -->
</testng-results>
